[2019-06-21 02:00:25 643] INFO  network.impl.InputStreamReaderImpl - End of connection ...
[2019-06-21 02:00:25 647] INFO  network.impl.InputStreamReaderImpl - Leaving InputStreamReaderImpl ...
[2019-06-21 02:00:29 274] ERROR network.impl.ServerServicesImpl - Connection reset by peer: socket write error
[2019-06-21 02:00:42 035] INFO  network.impl.ServerServicesImpl - Handle Responses called.
[2019-06-21 02:00:42 038] INFO  network.impl.ServerServicesImpl - Response{type=CONNECTED, content=ContextContent{users=[]}, source=Ryadh}
[2019-06-21 02:03:11 263] INFO  network.impl.InputStreamReaderImpl - End of connection ...
[2019-06-21 02:03:11 263] INFO  network.impl.InputStreamReaderImpl - Leaving InputStreamReaderImpl ...
[2019-06-21 02:03:14 963] ERROR network.impl.ServerServicesImpl - Connection reset by peer: socket write error
[2019-06-21 02:03:24 793] INFO  network.impl.ServerServicesImpl - Handle Responses called.
[2019-06-21 02:03:24 797] INFO  network.impl.ServerServicesImpl - Response{type=CONNECTED, content=ContextContent{users=[]}, source=Ryadh}
[2019-06-21 02:05:54 006] INFO  network.impl.ServerServicesImpl - Handle Responses called.
[2019-06-21 02:05:54 009] INFO  network.impl.ServerServicesImpl - Response{type=CONNECTED, content=ContextContent{users=[]}, source=Ryadh}
[2019-06-21 02:06:40 799] INFO  network.impl.ServerServicesImpl - Handle Responses called.
[2019-06-21 02:06:40 803] INFO  network.impl.ServerServicesImpl - Response{type=CONNECTED, content=ContextContent{users=[]}, source=Ryadh}
[2019-06-21 02:06:47 227] INFO  network.impl.InputStreamReaderImpl - End of connection ...
[2019-06-21 02:06:47 228] INFO  network.impl.InputStreamReaderImpl - Leaving InputStreamReaderImpl ...
[2019-06-21 02:08:03 759] INFO  network.impl.ServerServicesImpl - Handle Responses called.
[2019-06-21 02:08:03 763] INFO  network.impl.ServerServicesImpl - Response{type=CONNECTED, content=ContextContent{users=[]}, source=Ryadh}
[2019-06-21 02:08:08 589] INFO  network.impl.InputStreamReaderImpl - End of connection ...
[2019-06-21 02:08:08 589] INFO  network.impl.InputStreamReaderImpl - Leaving InputStreamReaderImpl ...
[2019-06-21 02:09:09 568] INFO  network.impl.ServerServicesImpl - Handle Responses called.
[2019-06-21 02:09:09 572] INFO  network.impl.ServerServicesImpl - Response{type=CONNECTED, content=ContextContent{users=[]}, source=Ryadh}
[2019-06-21 02:09:17 642] INFO  network.impl.InputStreamReaderImpl - End of connection ...
[2019-06-21 02:09:17 643] INFO  network.impl.InputStreamReaderImpl - Leaving InputStreamReaderImpl ...
